timestamp: 2014-08-01T08:52:29.295947
CREATE TABLE auth_user(
    id INTEGER PRIMARY KEY AUTOINCREMENT,
    first_name CHAR(128),
    last_name CHAR(128),
    email CHAR(512),
    password CHAR(512),
    registration_key CHAR(512),
    reset_password_key CHAR(512),
    registration_id CHAR(512)
);
success!
timestamp: 2014-08-01T08:52:29.320535
CREATE TABLE auth_group(
    id INTEGER PRIMARY KEY AUTOINCREMENT,
    role CHAR(512),
    description TEXT
);
success!
timestamp: 2014-08-01T08:52:29.335198
CREATE TABLE auth_membership(
    id INTEGER PRIMARY KEY AUTOINCREMENT,
    user_id INTEGER REFERENCES auth_user (id) ON DELETE CASCADE,
    group_id INTEGER REFERENCES auth_group (id) ON DELETE CASCADE
);
success!
timestamp: 2014-08-01T08:52:29.350339
CREATE TABLE auth_permission(
    id INTEGER PRIMARY KEY AUTOINCREMENT,
    group_id INTEGER REFERENCES auth_group (id) ON DELETE CASCADE,
    name CHAR(512),
    table_name CHAR(512),
    record_id INTEGER
);
success!
timestamp: 2014-08-01T08:52:29.366701
CREATE TABLE auth_event(
    id INTEGER PRIMARY KEY AUTOINCREMENT,
    time_stamp TIMESTAMP,
    client_ip CHAR(512),
    user_id INTEGER REFERENCES auth_user (id) ON DELETE CASCADE,
    origin CHAR(512),
    description TEXT
);
success!
timestamp: 2014-08-01T08:52:29.381991
CREATE TABLE auth_cas(
    id INTEGER PRIMARY KEY AUTOINCREMENT,
    user_id INTEGER REFERENCES auth_user (id) ON DELETE CASCADE,
    created_on TIMESTAMP,
    service CHAR(512),
    ticket CHAR(512),
    renew CHAR(1)
);
success!
timestamp: 2014-08-01T09:11:04.870609
CREATE TABLE post(
    id INTEGER PRIMARY KEY AUTOINCREMENT,
    p_content TEXT,
    user_id INTEGER REFERENCES auth_user (id) ON DELETE CASCADE
);
success!
timestamp: 2014-08-01T13:45:49.703321
CREATE TABLE products(
    id INTEGER PRIMARY KEY AUTOINCREMENT,
    name TEXT,
    qty DOUBLE,
    qlty_spec TEXT,
    pkg_spec TEXT,
    other_spec TEXT,
    priority CHAR(512),
    reqd_by_dt DATE,
    comments TEXT
);
success!
timestamp: 2014-08-01T13:47:23.366442
CREATE TABLE product(
    id INTEGER PRIMARY KEY AUTOINCREMENT,
    name TEXT,
    qty DOUBLE,
    qlty_spec TEXT,
    pkg_spec TEXT,
    other_spec TEXT,
    priority CHAR(512),
    reqd_by_dt DATE,
    comments TEXT
);
success!
